<?xml version="1.0" encoding="UTF-8"?>
<testng-results ignored="0" total="1" passed="1" failed="0" skipped="0">
  <reporter-output>
  </reporter-output>
  <suite started-at="2023-12-28T15:47:37 GMT" name="Default suite" finished-at="2023-12-28T15:47:43 GMT" duration-ms="5836">
    <groups>
      <group name="cucumber">
        <method signature="AbstractTestNGCucumberTests.runScenario(io.cucumber.testng.PickleWrapper,io.cucumber.testng.FeatureWrapper)[pri:0, instance:TestRunner.CucumberTestRunner@7692cd34]" name="runScenario" class="io.cucumber.testng.AbstractTestNGCucumberTests"/>
      </group> <!-- cucumber -->
    </groups>
    <test started-at="2023-12-28T15:47:37 GMT" name="Default test" finished-at="2023-12-28T15:47:43 GMT" duration-ms="5836">
      <class name="TestRunner.CucumberTestRunner">
        <test-method is-config="true" signature="setUpClass(org.testng.ITestContext)[pri:0, instance:TestRunner.CucumberTestRunner@7692cd34]" started-at="2023-12-28T15:47:37 GMT" name="setUpClass" finished-at="2023-12-28T15:47:38 GMT" duration-ms="1161" status="PASS">
          <params>
            <param index="0">
              <value>
                <![CDATA[org.testng.TestRunner@32c08610]]>
              </value>
            </param>
          </params>
          <reporter-output>
          </reporter-output>
        </test-method> <!-- setUpClass -->
        <test-method signature="runScenario(io.cucumber.testng.PickleWrapper,io.cucumber.testng.FeatureWrapper)[pri:0, instance:TestRunner.CucumberTestRunner@7692cd34]" started-at="2023-12-28T15:47:38 GMT" name="runScenario" description="Runs Cucumber Scenarios" data-provider="scenarios" finished-at="2023-12-28T15:47:42 GMT" duration-ms="4537" status="PASS">
          <params>
            <param index="0">
              <value>
                <![CDATA["Login is successful with valid credentials"]]>
              </value>
            </param>
            <param index="1">
              <value>
                <![CDATA["Login page automation of saucedemo app"]]>
              </value>
            </param>
          </params>
          <reporter-output>
          </reporter-output>
        </test-method> <!-- runScenario -->
        <test-method is-config="true" signature="tearDownClass()[pri:0, instance:TestRunner.CucumberTestRunner@7692cd34]" started-at="2023-12-28T15:47:42 GMT" name="tearDownClass" finished-at="2023-12-28T15:47:43 GMT" duration-ms="76" status="PASS">
          <reporter-output>
          </reporter-output>
        </test-method> <!-- tearDownClass -->
      </class> <!-- TestRunner.CucumberTestRunner -->
    </test> <!-- Default test -->
  </suite> <!-- Default suite -->
</testng-results>
